<?xml version="1.0" encoding="utf-8" standalone="no"?>
<!--This file represents the results of running a test suite-->
<test-results name="C:\Users\David\Documents\Testify\Smartpay\Smartpay.UnitTests.nunit" total="30" failures="0" not-run="0" date="2014-03-20" time="09:07:35">
  <environment nunit-version="2.4.7.0" clr-version="2.0.50727.5477" os-version="Microsoft Windows NT 6.1.7601 Service Pack 1" platform="Win32NT" cwd="C:\Users\David\Documents\Testify\Smartpay" machine-name="DAVID-PC" user="David" user-domain="David-PC" />
  <culture-info current-culture="en-GB" current-uiculture="en-US" />
  <test-suite name="C:\Users\David\Documents\Testify\Smartpay\Smartpay.UnitTests.nunit" success="True" time="1.154" asserts="0">
    <results>
      <test-suite name="C:\Users\David\Documents\Testify\Smartpay\build\Debug\Smartpay.Core.UnitTests\Smartpay.Core.UnitTests.dll" success="True" time="0.787" asserts="0">
        <results>
          <test-suite name="Smartpay" success="True" time="0.783" asserts="0">
            <results>
              <test-suite name="Core" success="True" time="0.779" asserts="0">
                <results>
                  <test-suite name="UnitTests" success="True" time="0.775" asserts="0">
                    <results>
                      <test-suite name="ApplicationInfoTests" success="True" time="0.613" asserts="0">
                        <results>
                          <test-case name="Smartpay.Core.UnitTests.ApplicationInfoTests.HasPrivateParameterlessContructor" executed="True" success="True" time="0.417" asserts="0" />
                          <test-case name="Smartpay.Core.UnitTests.ApplicationInfoTests.TestApplicationName" executed="True" success="True" time="0.039" asserts="1" />
                        </results>
                      </test-suite>
                      <test-suite name="SystemClockTests" success="True" time="0.033" asserts="0">
                        <results>
                          <test-case name="Smartpay.Core.UnitTests.SystemClockTests.CanFixTimeOnSystemClock" executed="True" success="True" time="0.031" asserts="1" />
                          <test-case name="Smartpay.Core.UnitTests.SystemClockTests.CanResetTimeOnSystemClock" executed="True" success="True" time="0.001" asserts="1" />
                          <test-case name="Smartpay.Core.UnitTests.SystemClockTests.SystemClockNowReturnsDataTimeNowByDefault" executed="True" success="True" time="0.000" asserts="1" />
                        </results>
                      </test-suite>
                    </results>
                  </test-suite>
                </results>
              </test-suite>
            </results>
          </test-suite>
        </results>
      </test-suite>
      <test-suite name="C:\Users\David\Documents\Testify\Smartpay\build\Debug\SQS.UnitTest.Framework\\SQS.UnitTest.Framework.dll" success="True" time="0.335" asserts="0">
        <results>
          <test-suite name="SQS" success="True" time="0.326" asserts="0">
            <results>
              <test-suite name="UnitTest" success="True" time="0.318" asserts="0">
                <results>
                  <test-suite name="Framework" success="True" time="0.310" asserts="0">
                    <results>
                      <test-suite name="UnitTests" success="True" time="0.307" asserts="0">
                        <results>
                          <test-suite name="AssemblyAssertTests" success="True" time="0.093" asserts="0">
                            <results>
                              <test-case name="SQS.UnitTest.Framework.UnitTests.AssemblyAssertTests.AllTypeNamespacesAreCorrectlyPrefixed" executed="True" success="True" time="0.010" asserts="0" />
                              <test-case name="SQS.UnitTest.Framework.UnitTests.AssemblyAssertTests.AssemblyNameIsCorrect" executed="True" success="True" time="0.001" asserts="0" />
                              <test-case name="SQS.UnitTest.Framework.UnitTests.AssemblyAssertTests.AssertionFailsIfAssemblyNotLoaded" executed="True" success="True" time="0.066" asserts="0" />
                              <test-case name="SQS.UnitTest.Framework.UnitTests.AssemblyAssertTests.AssertionFailsIfNamespacesAreNotCorrectlyPrefixed" executed="True" success="True" time="0.011" asserts="3" />
                              <test-case name="SQS.UnitTest.Framework.UnitTests.AssemblyAssertTests.TypeNamespacesAssertCanUseDifferentPrefix" executed="True" success="True" time="0.001" asserts="0" />
                            </results>
                          </test-suite>
                          <test-suite name="ProjectInfoTests" success="True" time="0.005" asserts="0">
                            <results>
                              <test-case name="SQS.UnitTest.Framework.UnitTests.ProjectInfoTests.ProjectInfoCantBeInstantiatied" executed="True" success="True" time="0.003" asserts="0" />
                              <test-case name="SQS.UnitTest.Framework.UnitTests.ProjectInfoTests.TestProjectName" executed="True" success="True" time="0.001" asserts="1" />
                            </results>
                          </test-suite>
                          <test-suite name="TypeAssertIsImmutableTests" success="True" time="0.006" asserts="0">
                            <results>
                              <test-case name="SQS.UnitTest.Framework.UnitTests.TypeAssertIsImmutableTests.CanTestIsImmutable" executed="True" success="True" time="0.002" asserts="0" />
                              <test-case name="SQS.UnitTest.Framework.UnitTests.TypeAssertIsImmutableTests.IsImmutableFailsIfTypeHasANonReadonlyField" executed="True" success="True" time="0.003" asserts="0" />
                            </results>
                          </test-suite>
                          <test-suite name="TypeAssertTests" success="True" time="0.152" asserts="0">
                            <results>
                              <test-case name="SQS.UnitTest.Framework.UnitTests.TypeAssertTests.CanTestForNoPublicConstructors" executed="True" success="True" time="0.000" asserts="0" />
                              <test-case name="SQS.UnitTest.Framework.UnitTests.TypeAssertTests.CanTestForPrivateParameterlessConstructor" executed="True" success="True" time="0.001" asserts="0" />
                              <test-case name="SQS.UnitTest.Framework.UnitTests.TypeAssertTests.TestForForPrivateParameterlessConstructorFailsIfThereAreDefinedPublicOnes" executed="True" success="True" time="0.094" asserts="0" />
                              <test-case name="SQS.UnitTest.Framework.UnitTests.TypeAssertTests.TestForNoPublicConstructorFailsIfThereAreDefinedOnes" executed="True" success="True" time="0.004" asserts="0" />
                              <test-case name="SQS.UnitTest.Framework.UnitTests.TypeAssertTests.TestForNoPublicConstructorFailsIfThereIsADefaultOne" executed="True" success="True" time="0.003" asserts="0" />
                              <test-case name="SQS.UnitTest.Framework.UnitTests.TypeAssertTests.TestForPrivateParameterlessConstructorFailsIfThereIsADefaultPublicOne" executed="True" success="True" time="0.004" asserts="0" />
                              <test-case name="SQS.UnitTest.Framework.UnitTests.TypeAssertTests.TypeAssertHasNoPublicConstructors" executed="True" success="True" time="0.001" asserts="0" />
                              <test-case name="SQS.UnitTest.Framework.UnitTests.TypeAssertTests.TypeAssertIsTypeOfAssert" executed="True" success="True" time="0.001" asserts="1" />
                            </results>
                          </test-suite>
                          <test-suite name="ValueTypeAssertTests" success="True" time="0.035" asserts="0">
                            <results>
                              <test-case name="SQS.UnitTest.Framework.UnitTests.ValueTypeAssertTests.CanTellEnumsAreValueTypes" executed="True" success="True" time="0.003" asserts="0" />
                              <test-case name="SQS.UnitTest.Framework.UnitTests.ValueTypeAssertTests.CanTellStringIsNotAValueType" executed="True" success="True" time="0.005" asserts="0" />
                              <test-case name="SQS.UnitTest.Framework.UnitTests.ValueTypeAssertTests.CanTestForSealedClasses" executed="True" success="True" time="0.003" asserts="0" />
                              <test-case name="SQS.UnitTest.Framework.UnitTests.ValueTypeAssertTests.CanTestForValueType" executed="True" success="True" time="0.001" asserts="0" />
                              <test-case name="SQS.UnitTest.Framework.UnitTests.ValueTypeAssertTests.CanTestForValueTypeOnIntTypes" executed="True" success="True" time="0.001" asserts="0" />
                              <test-case name="SQS.UnitTest.Framework.UnitTests.ValueTypeAssertTests.CanTestValueTypesAreSealed" executed="True" success="True" time="0.001" asserts="0" />
                              <test-case name="SQS.UnitTest.Framework.UnitTests.ValueTypeAssertTests.IsSealedFailsIfNotSealed" executed="True" success="True" time="0.002" asserts="0" />
                              <test-case name="SQS.UnitTest.Framework.UnitTests.ValueTypeAssertTests.IsValueTypeFailsIfNotAValueType" executed="True" success="True" time="0.004" asserts="0" />
                            </results>
                          </test-suite>
                        </results>
                      </test-suite>
                    </results>
                  </test-suite>
                </results>
              </test-suite>
            </results>
          </test-suite>
        </results>
      </test-suite>
    </results>
  </test-suite>
</test-results>